<?xml version="1.0" encoding="UTF-8"?>
<!-- Generated by org.testng.reporters.JUnitReportReporter -->
<testsuite hostname="Pc-27" failures="0" tests="1" name="testcases.LoginPageTest" time="0.685" errors="0" timestamp="2022-06-26T14:38:44 IST" skipped="0">
  <testcase classname="testcases.LoginPageTest" name="LoginTest" time="0.685"/>
  <system-out/>
</testsuite> <!-- testcases.LoginPageTest -->
