<?xml version="1.0" encoding="UTF-8"?>
<!-- Generated by org.testng.reporters.JUnitReportReporter -->
<testsuite hostname="Pc-27" failures="0" tests="1" name="learn.FindBrokenLink" time="57.226" errors="0" timestamp="2022-06-29T17:45:41 IST" skipped="0">
  <testcase classname="learn.FindBrokenLink" name="findBrokenLinks" time="57.226"/>
  <system-out/>
</testsuite> <!-- learn.FindBrokenLink -->
