<?xml version="1.0" encoding="UTF-8"?>
<!-- Generated by org.testng.reporters.JUnitReportReporter -->
<testsuite hostname="Pc-27" failures="0" tests="3" name="testcases.ProductPageTest" time="0.547" errors="0" timestamp="2022-06-26T13:50:21 IST" skipped="0">
  <testcase classname="testcases.ProductPageTest" name="verifyProductPage" time="0.067"/>
  <system-out/>
  <testcase classname="testcases.ProductPageTest" name="getPageUrlTest" time="0.016"/>
  <system-out/>
  <testcase classname="testcases.ProductPageTest" name="productPageAddItemsTest" time="0.464"/>
  <system-out/>
</testsuite> <!-- testcases.ProductPageTest -->
