<?xml version="1.0" encoding="UTF-8"?>
<!-- Generated by org.testng.reporters.JUnitReportReporter -->
<testsuite hostname="Pc-27" failures="0" tests="1" name="learn.FindBrokenLink" time="66.077" errors="0" timestamp="2022-06-29T16:51:37 IST" skipped="0">
  <testcase classname="learn.FindBrokenLink" name="findBrokenLinks" time="66.077"/>
  <system-out/>
</testsuite> <!-- learn.FindBrokenLink -->
