<?xml version="1.0" encoding="UTF-8"?>
<!-- Generated by org.testng.reporters.JUnitReportReporter -->
<testsuite hostname="Pc-27" failures="0" tests="1" name="pages.SampleTest" time="10.610" errors="0" timestamp="2022-05-28T17:54:28 IST" skipped="0">
  <testcase classname="pages.SampleTest" name="sampleTest" time="10.610"/>
  <system-out/>
</testsuite> <!-- pages.SampleTest -->
