<?xml version="1.0" encoding="UTF-8"?>
<!-- Generated by org.testng.reporters.JUnitReportReporter -->
<testsuite hostname="Pc-27" failures="0" tests="2" name="testcases.ShoppingCartPageTest" time="0.072" errors="0" timestamp="2022-06-26T15:54:07 IST" skipped="0">
  <testcase classname="testcases.ShoppingCartPageTest" name="verifyShoppingCartPage" time="0.042"/>
  <system-out/>
  <testcase classname="testcases.ShoppingCartPageTest" name="itemsCount" time="0.030"/>
  <system-out/>
</testsuite> <!-- testcases.ShoppingCartPageTest -->
